<?xml version="1.0" encoding="UTF-8" standalone="no"?>
<testsuite errors="0" failures="0" name="io.cucumber.core.plugin.JUnitFormatter" skipped="0" tests="1" time="16.249">
<testcase classname="To test all the functionality of OrangeHRM Demo App" name="To test login feature from OrangeHRM App" time="16.025">
<system-out><![CDATA[Given the user launches the url.............................................passed
When the user login to the App..............................................passed
Then the user should see the home page "OrangeHRM"..........................passed
]]></system-out>
</testcase>
</testsuite>
