<?xml version="1.0" encoding="UTF-8"?>
<testng-results skipped="0" failed="0" ignored="0" total="1" passed="1">
  <reporter-output>
  </reporter-output>
  <suite name="com.webapp.runner.TestRunner" duration-ms="17450" started-at="2021-12-25T20:07:56 IST" finished-at="2021-12-25T20:08:14 IST">
    <groups>
      <group name="cucumber">
        <method signature="AbstractTestNGCucumberTests.runScenario(io.cucumber.testng.PickleWrapper, io.cucumber.testng.FeatureWrapper)[pri:0, instance:com.webapp.runner.TestRunner@a67c67e]" name="runScenario" class="io.cucumber.testng.AbstractTestNGCucumberTests"/>
      </group> <!-- cucumber -->
    </groups>
    <test name="Command line test" duration-ms="17450" started-at="2021-12-25T20:07:56 IST" finished-at="2021-12-25T20:08:14 IST">
      <class name="com.webapp.runner.TestRunner">
        <test-method status="PASS" signature="setUpClass()[pri:0, instance:com.webapp.runner.TestRunner@a67c67e]" name="setUpClass" is-config="true" duration-ms="605" started-at="2021-12-25T20:07:56 IST" finished-at="2021-12-25T20:07:57 IST">
          <reporter-output>
          </reporter-output>
        </test-method> <!-- setUpClass -->
        <test-method status="PASS" signature="runScenario(io.cucumber.testng.PickleWrapper, io.cucumber.testng.FeatureWrapper)[pri:0, instance:com.webapp.runner.TestRunner@a67c67e]" name="runScenario" duration-ms="16223" started-at="2021-12-25T20:07:57 IST" description="Runs Cucumber Scenarios" data-provider="scenarios" finished-at="2021-12-25T20:08:13 IST">
          <params>
            <param index="0">
              <value>
                <![CDATA["To test login feature from OrangeHRM App"]]>
              </value>
            </param>
            <param index="1">
              <value>
                <![CDATA["To test all the functionality of OrangeHRM Demo App"]]>
              </value>
            </param>
          </params>
          <reporter-output>
          </reporter-output>
        </test-method> <!-- runScenario -->
        <test-method status="PASS" signature="tearDownClass()[pri:0, instance:com.webapp.runner.TestRunner@a67c67e]" name="tearDownClass" is-config="true" duration-ms="568" started-at="2021-12-25T20:08:13 IST" finished-at="2021-12-25T20:08:14 IST">
          <reporter-output>
          </reporter-output>
        </test-method> <!-- tearDownClass -->
      </class> <!-- com.webapp.runner.TestRunner -->
    </test> <!-- Command line test -->
  </suite> <!-- com.webapp.runner.TestRunner -->
</testng-results>
